
The following files have been resolved:
   org.checkerframework:checker-compat-qual:jar:2.5.2:compile
   com.pvr.online:pvronlineAPI:jar:0.0.1-SNAPSHOT:compile
   org.glassfish.hk2:hk2-config:jar:2.5.0-b42:compile
   com.pvr.online:pvronlineModel:jar:0.0.1-SNAPSHOT:compile
   org.springframework.boot:spring-boot-starter-tomcat:jar:2.1.1.RELEASE:compile
   com.google.api-client:google-api-client:jar:1.23.0:compile
   org.javassist:javassist:jar:3.22.0-CR2:compile
   org.springframework:spring-jcl:jar:5.1.3.RELEASE:compile
   org.springframework:spring-web:jar:5.1.3.RELEASE:compile
   org.ow2.asm:asm-commons:jar:5.0.3:compile
   com.github.jnr:jnr-a64asm:jar:1.0.0:compile
   javax.annotation:javax.annotation-api:jar:1.3.2:compile
   ch.qos.logback:logback-classic:jar:1.2.3:compile
   org.glassfish.jersey.ext:jersey-bean-validation:jar:2.27:compile
   org.springframework.boot:spring-boot-starter-jersey:jar:2.1.1.RELEASE:compile
   com.pvr.online:pvronlineCommon:jar:0.0.1-SNAPSHOT:compile
   org.jboss.logging:jboss-logging:jar:3.3.2.Final:compile
   com.github.jnr:jnr-ffi:jar:2.1.9:compile
   org.glassfish.hk2:hk2-api:jar:2.5.0-b42:compile
   org.springframework:spring-expression:jar:5.1.3.RELEASE:compile
   com.fasterxml.jackson.module:jackson-module-parameter-names:jar:2.9.7:compile
   com.fasterxml.jackson.jaxrs:jackson-jaxrs-base:jar:2.9.7:compile
   com.fasterxml.jackson.module:jackson-module-jaxb-annotations:jar:2.9.7:compile
   org.springframework.boot:spring-boot-starter-validation:jar:2.1.1.RELEASE:compile
   org.glassfish.hk2:hk2:jar:2.5.0-b42:compile
   org.springframework:spring-aop:jar:5.1.3.RELEASE:compile
   com.fasterxml.jackson.core:jackson-databind:jar:2.9.7:compile
   org.apache.logging.log4j:log4j-api:jar:2.11.1:compile
   org.ow2.asm:asm:jar:7.0:compile
   org.glassfish.hk2.external:aopalliance-repackaged:jar:2.5.0-b42:compile
   org.glassfish.hk2:hk2-utils:jar:2.5.0-b42:compile
   org.apache.tomcat.embed:tomcat-embed-el:jar:9.0.13:compile
   org.glassfish.jersey.containers:jersey-container-servlet-core:jar:2.27:compile
   com.fasterxml:classmate:jar:1.4.0:compile
   javax.activation:activation:jar:1.1:compile
   org.springframework.boot:spring-boot-starter-logging:jar:2.1.1.RELEASE:compile
   ch.qos.logback:logback-core:jar:1.2.3:compile
   org.springframework.boot:spring-boot-starter-json:jar:2.1.1.RELEASE:compile
   com.fasterxml.jackson.jaxrs:jackson-jaxrs-json-provider:jar:2.9.7:compile
   org.springframework:spring-beans:jar:5.1.3.RELEASE:compile
   com.sun.mail:javax.mail:jar:1.6.2:compile
   com.fasterxml.jackson.datatype:jackson-datatype-jdk8:jar:2.9.7:compile
   org.glassfish.jersey.core:jersey-client:jar:2.27:compile
   com.github.jnr:jffi:jar:1.2.17:compile
   com.github.jnr:jnr-enxio:jar:0.19:compile
   javax.inject:javax.inject:jar:1:compile
   org.glassfish.hk2:config-types:jar:2.5.0-b42:compile
   org.glassfish.hk2:osgi-resource-locator:jar:1.0.1:compile
   org.glassfish.jersey.core:jersey-server:jar:2.27:compile
   org.springframework:spring-core:jar:5.1.3.RELEASE:compile
   org.glassfish.jersey.ext:jersey-spring4:jar:2.27:compile
   org.hibernate.validator:hibernate-validator:jar:6.0.13.Final:compile
   org.ow2.asm:asm-util:jar:7.0:compile
   org.glassfish.hk2:hk2-runlevel:jar:2.5.0-b42:compile
   org.slf4j:jul-to-slf4j:jar:1.7.25:compile
   org.apache.tomcat.embed:tomcat-embed-core:jar:9.0.13:compile
   org.springframework.boot:spring-boot-autoconfigure:jar:2.1.1.RELEASE:compile
   org.apache.httpcomponents:httpcore:jar:4.4.10:compile
   com.google.apis:google-api-services-sqladmin:jar:v1beta4-rev56-1.23.0:compile
   org.codehaus.mojo:animal-sniffer-annotations:jar:1.14:compile
   com.fasterxml.jackson.datatype:jackson-datatype-jsr310:jar:2.9.7:compile
   org.glassfish.jersey.ext:jersey-entity-filtering:jar:2.27:compile
   org.springframework:spring-context:jar:5.1.3.RELEASE:compile
   org.ow2.asm:asm-analysis:jar:7.0:compile
   javax.validation:validation-api:jar:2.0.1.Final:compile
   javax.ws.rs:javax.ws.rs-api:jar:2.1.1:compile
   com.google.guava:guava:jar:26.0-android:compile
   mysql:mysql-connector-java:jar:8.0.13:compile
   org.glassfish.hk2:class-model:jar:2.5.0-b42:compile
   org.springframework:spring-webmvc:jar:5.1.3.RELEASE:compile
   com.fasterxml.jackson.core:jackson-annotations:jar:2.9.0:compile
   com.google.http-client:google-http-client:jar:1.23.0:compile
   commons-codec:commons-codec:jar:1.11:compile
   org.springframework.boot:spring-boot:jar:2.1.1.RELEASE:compile
   com.google.http-client:google-http-client-jackson2:jar:1.23.0:compile
   com.github.jnr:jffi:jar:native:1.2.16:runtime
   com.google.code.findbugs:jsr305:jar:3.0.2:compile
   com.google.oauth-client:google-oauth-client:jar:1.23.0:compile
   com.github.jnr:jnr-constants:jar:0.9.11:compile
   org.glassfish.hk2:spring-bridge:jar:2.5.0-b42:compile
   org.glassfish.jersey.containers:jersey-container-servlet:jar:2.27:compile
   com.google.j2objc:j2objc-annotations:jar:1.1:compile
   org.glassfish.hk2:hk2-locator:jar:2.5.0-b42:compile
   org.springframework.boot:spring-boot-starter-mail:jar:2.1.1.RELEASE:compile
   org.glassfish.hk2.external:asm-all-repackaged:jar:2.5.0-b42:compile
   com.fasterxml.jackson.core:jackson-core:jar:2.9.7:compile
   org.glassfish.jersey.media:jersey-media-json-jackson:jar:2.27:compile
   org.apache.tomcat.embed:tomcat-embed-websocket:jar:9.0.13:compile
   org.springframework.boot:spring-boot-starter-web:jar:2.1.1.RELEASE:compile
   com.google.errorprone:error_prone_annotations:jar:2.1.3:compile
   com.github.jnr:jnr-unixsocket:jar:0.21:compile
   org.springframework.boot:spring-boot-starter:jar:2.1.1.RELEASE:compile
   org.ow2.asm:asm-tree:jar:7.0:compile
   org.glassfish.jersey.media:jersey-media-jaxb:jar:2.27:compile
   org.glassfish.jersey.inject:jersey-hk2:jar:2.27:compile
   com.google.cloud.sql:mysql-socket-factory-connector-j-8:jar:1.0.12:compile
   org.apache.logging.log4j:log4j-to-slf4j:jar:2.11.1:compile
   org.glassfish.jersey.core:jersey-common:jar:2.27:compile
   org.glassfish.hk2:hk2-core:jar:2.5.0-b42:compile
   org.slf4j:slf4j-api:jar:1.7.25:compile
   org.apache.httpcomponents:httpclient:jar:4.5.6:compile
   com.google.cloud.sql:jdbc-socket-factory-core:jar:1.0.12:compile
   org.springframework:spring-context-support:jar:5.1.3.RELEASE:compile
   org.yaml:snakeyaml:jar:1.23:runtime
   com.github.jnr:jnr-x86asm:jar:1.0.2:compile
   com.github.jnr:jnr-posix:jar:3.0.47:compile

